20230802	08:26:44	2b0cca71-35f7-4161-ba27-4aa8419e967f	POST	/api/v1/auth/login	undefined
20230802	23:27:04	370cdd83-2dc5-434d-a12f-f1b4c659d6b0	POST	/api/v1/auth/login	undefined
20230803	06:26:50	75fd1232-4629-4619-8c33-7628d40389ff	POST	/api/v1/auth/login	undefined
20230803	06:28:58	2705196d-b098-447d-ad6a-adfb63a814a1	POST	/api/v1/auth/login	undefined
20230803	06:32:08	cd71bf11-982f-4859-be8e-79996cc47fce	POST	/api/v1/auth/login	undefined
20230803	06:33:26	ec196581-95cd-42e3-9d06-fafca2ed07da	POST	/api/v1/auth/login	undefined
20230803	06:39:05	f4d8429d-97b7-4078-87e0-cb02c56a80eb	POST	/api/v1/auth/login	undefined
20230803	06:43:16	54ff900b-7484-4567-b7a0-bc6bde59fc5a	POST	/api/v1/auth/login	undefined
20230803	06:43:58	ad79d87b-6663-49f4-9f74-0015a57796a8	POST	/api/v1/auth/login	undefined
20230803	07:24:04	dddcd7d4-f900-49f1-a2b6-58dc4270df11	POST	/api/v1/auth/login	undefined
20230804	06:06:23	05cb0047-a8b4-4272-b3a0-27509fa69341	POST	/api/v1/auth/login	undefined
20230804	07:21:39	afc31296-1b0a-4bb9-ac47-40968a4b52c0	GET	/api/v1/flights/booking	undefined
20230804	07:25:24	e96ab5e3-d4ea-4e3d-b3b0-3ac70ef47947	GET	/api/v1/auth/logout	undefined
20230804	07:25:37	9fabe011-2357-4e32-b4ee-0c15f1d6c6bc	GET	/api/v1/flights/booking	undefined
20230804	07:26:09	a9aeae52-313e-426b-8d58-6b821344bdfd	POST	/api/v1/auth/login	undefined
20230804	07:26:16	10d3cd6f-9ebd-4db3-851f-f326bdf9127f	GET	/api/v1/flights/booking	undefined
20230808	00:05:37	4f7a48f6-0405-4a54-b21f-6365cc9fd6a3	GET	/api/v1/flights/booking	undefined
20230808	00:15:50	88b6940f-9c68-48de-8f0d-f4a504bd897d	GET	/api/v1/flights/booking	undefined
20230808	00:17:34	56c10153-b9be-43c3-845e-e0e95296a652	GET	/api/v1/flights/booking	undefined
20230808	00:19:03	a9cf3cdd-5050-4dfd-bcc3-d2870c37318d	GET	/api/v1/flights/booking	undefined
20230808	00:46:54	01977786-73d9-4d42-aa74-04fbcd35e763	POST	/api/v1/auth/login	undefined
20230808	00:47:03	614b195c-467c-4539-8b13-1c0b55f48548	GET	/api/v1/flights/booking	undefined
20230808	01:20:58	c6167f9b-30b1-474a-bf90-a78c1ec451b3	POST	/api/v1/auth/login	undefined
20230808	01:23:46	d918d0e6-8744-49ca-a90d-c9501df4146e	POST	/api/v1/auth/login	undefined
20230808	01:24:06	6caa2f9b-baef-4f8a-9bf2-81da840b78cb	POST	/api/v1/auth/login	undefined
20230808	01:38:25	9fc0f71f-c008-437c-8f1f-fddc5987ed15	POST	/api/v1/auth/register	undefined
20230808	01:38:47	84873619-c1fa-4249-a5a4-2a83c054fec0	POST	/api/v1/auth/login	undefined
20230808	01:39:28	1714640a-0c47-46a5-beef-9d82eb0c40f3	POST	/api/v1/hotels/uploadImage	undefined
20230808	01:56:17	f70777c8-6448-4649-af65-af6f1038bcea	POST	/api/v1/flights/flight-confirmation	undefined
20230808	01:56:43	b22b3139-1170-4704-9092-626ef5b9fdb5	POST	/api/v1/flights/flight-confirmation	undefined
20230814	23:31:46	0e2a3c2f-85d1-4efc-b9a4-2669cf9b2388	POST	/api/v1/auth/login	undefined
20230829	16:42:54	1271bcff-e613-4066-8cb6-f28b6fb2ed09	POST	/create-checkout-session	undefined
20230829	16:43:17	3b260a50-6db9-45c6-b46d-c917d30edc7a	POST	/api/v1/Payment	undefined
20230829	16:43:24	5df11350-022e-4984-9909-69f4ba3f0f21	POST	//api/v1/Payment	undefined
20230829	16:44:07	a19020d4-ed13-4041-9410-f4eb10d4b9d2	POST	/api/v1/Payment	undefined
20230830	09:49:00	80fd4772-d74d-4792-87c3-f5351b795d2f	POST	/api/v1/Payment/create-checkout-session	undefined
20230830	00:30:50	f3668849-f2ce-4ba5-9fec-703ee4dac0d5	POST	/api/v1/payment/create-checkout-session	undefined
20230830	00:33:23	2e5ef4fa-ae9e-4b6d-9f7a-0bed780b0a3d	POST	/api/v1/flights/flight-booking	undefined
20230830	23:15:23	950210d4-c6e3-4e76-a4d8-247028db9625	POST	/api/v1/flights/flight-booking	undefined
20230902	02:46:32	a42799c8-728f-4cd8-b888-a6740fb229b9	POST	/api/v1/payment/create-payment-intent	undefined
20230902	02:46:50	41c91b32-a08c-41db-b47a-47cff32bb18f	POST	/api/v1/payment/create-payment-intent	undefined
20230902	02:48:41	7e7768b8-0b13-43e6-ac2d-9cdf43d16dd2	POST	/api/v1/payment/create-payment-intent	undefined
20230902	02:53:36	1e98ec66-756d-460e-ac94-81e8585be128	POST	/api/v1/payment/create-payment-intent	undefined
20230904	01:01:59	fd10a028-fca1-494a-808b-4c0544c45b32	POST	/api/v1/payment/create-payment-intent	undefined
20230904	01:21:50	68faa545-ce00-422d-8243-270c7c098782	GET	/api/v1/flights/flight-search?originCode=ATL&destinationCode=SFO&dateOfDeparture=2023-08-31	undefined
20230904	01:22:11	88dbe962-f8a6-4cf8-ad6d-d6f6548c6a67	GET	/api/v1/flights/flight-search?originCode=ATL&destinationCode=SFO&dateOfDeparture=2023-09-5	undefined
20230904	01:22:31	61d2c904-e8d2-415c-8225-2395e896c094	GET	/api/v1/flights/flight-search?originCode=ATL&destinationCode=SFO&dateOfDeparture=2023-09-05	undefined
20230904	01:30:10	1a5fc8f6-3f06-49e6-9f89-01ab7e84a43f	GET	/api/v1/flights/flight-search?originCode=ATL&destinationCode=SFO&dateOfDeparture=2023-09-05	undefined
20230904	01:44:19	29075231-3df3-4115-b717-dbb20cbd3e96	POST	/api/v1/flights/flight-booking	undefined
20230904	01:46:35	f673446a-64eb-4f88-8583-ae779f692236	POST	/api/v1/flights/flight-booking	undefined
20230904	01:46:59	f5bd2e62-74e9-406c-990f-f86271f382a4	GET	/api/v1/flights/flight-search?originCode=ATL&destinationCode=SFO&dateOfDeparture=2023-09-05	undefined
20230904	01:48:24	163d6d80-f89d-4797-9ce7-8105991db1e2	POST	/api/v1/flights/flight-confirmation	undefined
20230904	01:48:38	51704090-5b59-4837-837a-765b37e5a545	POST	/api/v1/auth/login	undefined
20230904	01:48:56	f3a0d442-2122-4380-8a1f-1f13102edf57	POST	/api/v1/flights/flight-confirmation	undefined
20230904	01:53:50	4989bc10-c673-4099-8487-808ff7dcfe30	POST	/api/v1/flights/flight-booking	undefined
20230904	01:54:27	0c8a34d6-5c88-473e-b656-c7ec4a841030	POST	/api/v1/flights/flight-booking	undefined
20230904	02:45:29	3b6ceb01-7e83-49f4-a823-15c29e59969c	POST	/api/v1/payment/create-payment-intent	undefined
20230904	04:05:38	959112d0-e8aa-4e63-ab0d-7baf26dfc1e6	GET	/api/v1/amadeushotel/search	undefined
20230904	04:06:41	e5984f35-f2b0-4ce1-9474-f9867cf45869	GET	/api/v1/amadeushotel/search-location	undefined
20230904	04:18:35	43224fdc-2f42-4d2a-82f1-1dc12ede6f59	GET	/api/v1/amadeushotel/search-location?keyword=Paris&pageLimit=10&pageOffset=0	undefined
20230904	05:16:57	5601dc53-b7ec-4348-989a-550f47868182	GET	/api/v1/hotels	undefined
20230904	05:19:48	7f5cba5d-10a8-468e-8eff-b7c81e636eb5	GET	/api/v1/hotels	undefined
20230904	07:17:18	0e79f0db-56c9-49fe-8376-0ebe540580d5	GET	/api/v1/flights/flight-search?originCode=ADD&destinationCode=SFO&dateOfDeparture=2023-09-05	undefined
20230905	01:34:57	faae263f-72f2-4a3b-b284-e46e66a56ea1	POST	/api/v1/payment/create-payment-intent	undefined
